2024-09-26T17:43:20.168+09:00  INFO 1672 --- [restartedMain] c.e.s.SlstudiominiApplication            : Starting SlstudiominiApplication using Java 21.0.4 with PID 1672 (C:\SLStudio\Spring BootによるWEB開発\Chapter3\Lesson1\slstudiomini-1\build\classes\java\main started by user in C:\SLStudio\Spring BootによるWEB開発\Chapter3\Lesson1\slstudiomini-1)
2024-09-26T17:43:20.171+09:00  INFO 1672 --- [restartedMain] c.e.s.SlstudiominiApplication            : The following 1 profile is active: "dev"
2024-09-26T17:43:20.250+09:00  INFO 1672 --- [restartedMain] .e.DevToolsPropertyDefaultsPostProcessor : Devtools property defaults active! Set 'spring.devtools.add-properties' to 'false' to disable
2024-09-26T17:43:20.251+09:00  INFO 1672 --- [restartedMain] .e.DevToolsPropertyDefaultsPostProcessor : For additional web related logging consider setting the 'logging.level.web' property to 'DEBUG'
2024-09-26T17:43:21.562+09:00  INFO 1672 --- [restartedMain] .s.d.r.c.RepositoryConfigurationDelegate : Bootstrapping Spring Data JPA repositories in DEFAULT mode.
2024-09-26T17:43:21.656+09:00  INFO 1672 --- [restartedMain] .s.d.r.c.RepositoryConfigurationDelegate : Finished Spring Data repository scanning in 85 ms. Found 4 JPA repository interfaces.
2024-09-26T17:43:22.710+09:00  INFO 1672 --- [restartedMain] o.s.b.w.embedded.tomcat.TomcatWebServer  : Tomcat initialized with port 8080 (http)
2024-09-26T17:43:22.736+09:00  INFO 1672 --- [restartedMain] o.apache.catalina.core.StandardService   : Starting service [Tomcat]
2024-09-26T17:43:22.736+09:00  INFO 1672 --- [restartedMain] o.apache.catalina.core.StandardEngine    : Starting Servlet engine: [Apache Tomcat/10.1.18]
2024-09-26T17:43:22.831+09:00  INFO 1672 --- [restartedMain] o.a.c.c.C.[Tomcat].[localhost].[/]       : Initializing Spring embedded WebApplicationContext
2024-09-26T17:43:22.832+09:00  INFO 1672 --- [restartedMain] w.s.c.ServletWebServerApplicationContext : Root WebApplicationContext: initialization completed in 2579 ms
2024-09-26T17:43:23.121+09:00  INFO 1672 --- [restartedMain] o.hibernate.jpa.internal.util.LogHelper  : HHH000204: Processing PersistenceUnitInfo [name: default]
2024-09-26T17:43:23.220+09:00  INFO 1672 --- [restartedMain] org.hibernate.Version                    : HHH000412: Hibernate ORM core version 6.4.1.Final
2024-09-26T17:43:23.280+09:00  INFO 1672 --- [restartedMain] o.h.c.internal.RegionFactoryInitiator    : HHH000026: Second-level cache disabled
2024-09-26T17:43:23.660+09:00  INFO 1672 --- [restartedMain] o.s.o.j.p.SpringPersistenceUnitInfo      : No LoadTimeWeaver setup: ignoring JPA class transformer
2024-09-26T17:43:23.701+09:00  INFO 1672 --- [restartedMain] com.zaxxer.hikari.HikariDataSource       : HikariPool-1 - Starting...
2024-09-26T17:43:23.959+09:00  INFO 1672 --- [restartedMain] com.zaxxer.hikari.pool.HikariPool        : HikariPool-1 - Added connection org.postgresql.jdbc.PgConnection@6c9d0f43
2024-09-26T17:43:23.962+09:00  INFO 1672 --- [restartedMain] com.zaxxer.hikari.HikariDataSource       : HikariPool-1 - Start completed.
2024-09-26T17:43:25.521+09:00  INFO 1672 --- [restartedMain] o.h.e.t.j.p.i.JtaPlatformInitiator       : HHH000489: No JTA platform available (set 'hibernate.transaction.jta.platform' to enable JTA platform integration)
2024-09-26T17:43:25.650+09:00  INFO 1672 --- [restartedMain] j.LocalContainerEntityManagerFactoryBean : Initialized JPA EntityManagerFactory for persistence unit 'default'
2024-09-26T17:43:26.846+09:00  WARN 1672 --- [restartedMain] JpaBaseConfiguration$JpaWebConfiguration : spring.jpa.open-in-view is enabled by default. Therefore, database queries may be performed during view rendering. Explicitly configure spring.jpa.open-in-view to disable this warning
2024-09-26T17:43:27.026+09:00  INFO 1672 --- [restartedMain] o.s.b.a.w.s.WelcomePageHandlerMapping    : Adding welcome page template: index
2024-09-26T17:43:27.322+09:00  INFO 1672 --- [restartedMain] o.s.s.web.DefaultSecurityFilterChain     : Will secure any request with [org.springframework.security.web.session.DisableEncodeUrlFilter@35c30fe7, org.springframework.security.web.context.request.async.WebAsyncManagerIntegrationFilter@3746fa97, org.springframework.security.web.context.SecurityContextHolderFilter@7ac6e9a0, org.springframework.security.web.header.HeaderWriterFilter@632308ed, org.springframework.web.filter.CorsFilter@207edc8d, org.springframework.security.web.csrf.CsrfFilter@159a05c1, org.springframework.security.web.authentication.logout.LogoutFilter@74afcddb, com.example.slstudiomini.dev.DevAuthenticationFilter@6fa548bd, org.springframework.security.web.authentication.UsernamePasswordAuthenticationFilter@446a510b, org.springframework.security.web.authentication.ui.DefaultLoginPageGeneratingFilter@17df4362, org.springframework.security.web.authentication.ui.DefaultLogoutPageGeneratingFilter@42b4ce99, org.springframework.security.web.savedrequest.RequestCacheAwareFilter@4e222bd8, org.springframework.security.web.servletapi.SecurityContextHolderAwareRequestFilter@35a1d342, org.springframework.security.web.authentication.AnonymousAuthenticationFilter@42a6061a, org.springframework.security.web.access.ExceptionTranslationFilter@38b77d8, org.springframework.security.web.access.intercept.AuthorizationFilter@149077ed]
2024-09-26T17:43:27.666+09:00  INFO 1672 --- [restartedMain] o.s.b.d.a.OptionalLiveReloadServer       : LiveReload server is running on port 35729
2024-09-26T17:43:27.726+09:00  INFO 1672 --- [restartedMain] o.s.b.w.embedded.tomcat.TomcatWebServer  : Tomcat started on port 8080 (http) with context path ''
2024-09-26T17:43:27.740+09:00  INFO 1672 --- [restartedMain] c.e.s.SlstudiominiApplication            : Started SlstudiominiApplication in 8.137 seconds (process running for 8.943)
