2024-09-26T17:45:06.627+09:00  INFO 1464 --- [restartedMain] c.e.s.SlstudiominiApplication            : Starting SlstudiominiApplication using Java 21.0.4 with PID 1464 (C:\SLStudio\Spring BootによるWEB開発\Chapter3\Lesson1\slstudiomini-1\build\classes\java\main started by user in C:\SLStudio\Spring BootによるWEB開発\Chapter3\Lesson1\slstudiomini-1)
2024-09-26T17:45:06.631+09:00  INFO 1464 --- [restartedMain] c.e.s.SlstudiominiApplication            : The following 1 profile is active: "dev"
2024-09-26T17:45:06.711+09:00  INFO 1464 --- [restartedMain] .e.DevToolsPropertyDefaultsPostProcessor : Devtools property defaults active! Set 'spring.devtools.add-properties' to 'false' to disable
2024-09-26T17:45:06.712+09:00  INFO 1464 --- [restartedMain] .e.DevToolsPropertyDefaultsPostProcessor : For additional web related logging consider setting the 'logging.level.web' property to 'DEBUG'
2024-09-26T17:45:07.865+09:00  INFO 1464 --- [restartedMain] .s.d.r.c.RepositoryConfigurationDelegate : Bootstrapping Spring Data JPA repositories in DEFAULT mode.
2024-09-26T17:45:07.979+09:00  INFO 1464 --- [restartedMain] .s.d.r.c.RepositoryConfigurationDelegate : Finished Spring Data repository scanning in 100 ms. Found 4 JPA repository interfaces.
2024-09-26T17:45:09.055+09:00  INFO 1464 --- [restartedMain] o.s.b.w.embedded.tomcat.TomcatWebServer  : Tomcat initialized with port 8080 (http)
2024-09-26T17:45:09.075+09:00  INFO 1464 --- [restartedMain] o.apache.catalina.core.StandardService   : Starting service [Tomcat]
2024-09-26T17:45:09.076+09:00  INFO 1464 --- [restartedMain] o.apache.catalina.core.StandardEngine    : Starting Servlet engine: [Apache Tomcat/10.1.18]
2024-09-26T17:45:09.160+09:00  INFO 1464 --- [restartedMain] o.a.c.c.C.[Tomcat].[localhost].[/]       : Initializing Spring embedded WebApplicationContext
2024-09-26T17:45:09.161+09:00  INFO 1464 --- [restartedMain] w.s.c.ServletWebServerApplicationContext : Root WebApplicationContext: initialization completed in 2447 ms
2024-09-26T17:45:09.472+09:00  INFO 1464 --- [restartedMain] o.hibernate.jpa.internal.util.LogHelper  : HHH000204: Processing PersistenceUnitInfo [name: default]
2024-09-26T17:45:09.582+09:00  INFO 1464 --- [restartedMain] org.hibernate.Version                    : HHH000412: Hibernate ORM core version 6.4.1.Final
2024-09-26T17:45:09.642+09:00  INFO 1464 --- [restartedMain] o.h.c.internal.RegionFactoryInitiator    : HHH000026: Second-level cache disabled
2024-09-26T17:45:09.962+09:00  INFO 1464 --- [restartedMain] o.s.o.j.p.SpringPersistenceUnitInfo      : No LoadTimeWeaver setup: ignoring JPA class transformer
2024-09-26T17:45:10.009+09:00  INFO 1464 --- [restartedMain] com.zaxxer.hikari.HikariDataSource       : HikariPool-1 - Starting...
2024-09-26T17:45:10.265+09:00  INFO 1464 --- [restartedMain] com.zaxxer.hikari.pool.HikariPool        : HikariPool-1 - Added connection org.postgresql.jdbc.PgConnection@6c9d0f43
2024-09-26T17:45:10.273+09:00  INFO 1464 --- [restartedMain] com.zaxxer.hikari.HikariDataSource       : HikariPool-1 - Start completed.
2024-09-26T17:45:11.769+09:00  INFO 1464 --- [restartedMain] o.h.e.t.j.p.i.JtaPlatformInitiator       : HHH000489: No JTA platform available (set 'hibernate.transaction.jta.platform' to enable JTA platform integration)
2024-09-26T17:45:11.882+09:00  INFO 1464 --- [restartedMain] j.LocalContainerEntityManagerFactoryBean : Initialized JPA EntityManagerFactory for persistence unit 'default'
2024-09-26T17:45:12.629+09:00  WARN 1464 --- [restartedMain] JpaBaseConfiguration$JpaWebConfiguration : spring.jpa.open-in-view is enabled by default. Therefore, database queries may be performed during view rendering. Explicitly configure spring.jpa.open-in-view to disable this warning
2024-09-26T17:45:12.808+09:00  INFO 1464 --- [restartedMain] o.s.b.a.w.s.WelcomePageHandlerMapping    : Adding welcome page template: index
2024-09-26T17:45:13.131+09:00  INFO 1464 --- [restartedMain] o.s.s.web.DefaultSecurityFilterChain     : Will secure any request with [org.springframework.security.web.session.DisableEncodeUrlFilter@35c30fe7, org.springframework.security.web.context.request.async.WebAsyncManagerIntegrationFilter@3746fa97, org.springframework.security.web.context.SecurityContextHolderFilter@7ac6e9a0, org.springframework.security.web.header.HeaderWriterFilter@632308ed, org.springframework.web.filter.CorsFilter@207edc8d, org.springframework.security.web.csrf.CsrfFilter@159a05c1, org.springframework.security.web.authentication.logout.LogoutFilter@74afcddb, com.example.slstudiomini.dev.DevAuthenticationFilter@6fa548bd, org.springframework.security.web.authentication.UsernamePasswordAuthenticationFilter@446a510b, org.springframework.security.web.authentication.ui.DefaultLoginPageGeneratingFilter@17df4362, org.springframework.security.web.authentication.ui.DefaultLogoutPageGeneratingFilter@42b4ce99, org.springframework.security.web.savedrequest.RequestCacheAwareFilter@4e222bd8, org.springframework.security.web.servletapi.SecurityContextHolderAwareRequestFilter@35a1d342, org.springframework.security.web.authentication.AnonymousAuthenticationFilter@42a6061a, org.springframework.security.web.access.ExceptionTranslationFilter@38b77d8, org.springframework.security.web.access.intercept.AuthorizationFilter@149077ed]
2024-09-26T17:45:13.589+09:00  INFO 1464 --- [restartedMain] o.s.b.d.a.OptionalLiveReloadServer       : LiveReload server is running on port 35729
2024-09-26T17:45:13.642+09:00  INFO 1464 --- [restartedMain] o.s.b.w.embedded.tomcat.TomcatWebServer  : Tomcat started on port 8080 (http) with context path ''
2024-09-26T17:45:13.662+09:00  INFO 1464 --- [restartedMain] c.e.s.SlstudiominiApplication            : Started SlstudiominiApplication in 7.607 seconds (process running for 8.456)
